# JRE version: OpenJDK Runtime Environment Temurin-21.0.4+7 (21.0.4+7) (build 21.0.4+7-LTS)
# Java VM: OpenJDK 64-Bit Server VM Temurin-21.0.4+7 (21.0.4+7-LTS, mixed mode, emulated-client, tiered, compressed oops, compressed class ptrs, g1 gc, bsd-aarch64)
GC Precious Log:
 CardTable entry size: 512
 Card Set container configuration: InlinePtr #cards 4 size 8 Array Of Cards #cards 64 size 144 Howl #buckets 8 coarsen threshold 14745 Howl Bitmap #cards 2048 size 272 coarsen threshold 1843 Card regions per heap region 1 cards per card region 16384
 CPUs: 14 total, 14 available
 Memory: 36864M
 Large Page Support: Disabled
 NUMA Support: Disabled
 Compressed Oops: Enabled (Zero based)
 Heap Region Size: 8M
 Heap Min Capacity: 8M
 Heap Initial Capacity: 576M
 Heap Max Capacity: 9G
 Pre-touch: Disabled
 Parallel Workers: 11
 Concurrent Workers: 3
 Concurrent Refinement Workers: 11
 Periodic GC: Disabled
Heap:
 garbage-first heap   total 90112K, used 41570K [0x0000000400000000, 0x0000000640000000)
  region size 8192K, 4 young (32768K), 1 survivors (8192K)
 Metaspace       used 50217K, committed 51072K, reserved 1114112K
  class space    used 6201K, committed 6592K, reserved 1048576K
GC Heap History (20 events):
Event: 1266.278 GC heap after
{Heap after GC invocations=35 (full 5):
 garbage-first heap   total 344064K, used 24365K [0x0000000400000000, 0x0000000640000000)
  region size 8192K, 1 young (8192K), 1 survivors (8192K)
 Metaspace       used 50048K, committed 51072K, reserved 1114112K
  class space    used 6172K, committed 6592K, reserved 1048576K
}
Event: 1294.072 GC heap before
{Heap before GC invocations=35 (full 5):
 garbage-first heap   total 344064K, used 98093K [0x0000000400000000, 0x0000000640000000)
  region size 8192K, 11 young (90112K), 1 survivors (8192K)
 Metaspace       used 50053K, committed 51072K, reserved 1114112K
  class space    used 6173K, committed 6592K, reserved 1048576K
}
Event: 1294.094 GC heap after
{Heap after GC invocations=36 (full 6):
 garbage-first heap   total 163840K, used 18068K [0x0000000400000000, 0x0000000640000000)
  region size 8192K, 0 young (0K), 0 survivors (0K)
 Metaspace       used 50041K, committed 51072K, reserved 1114112K
  class space    used 6170K, committed 6592K, reserved 1048576K
}
Event: 1294.297 GC heap before
{Heap before GC invocations=36 (full 6):
 garbage-first heap   total 163840K, used 116372K [0x0000000400000000, 0x0000000640000000)
  region size 8192K, 12 young (98304K), 0 survivors (0K)
 Metaspace       used 50092K, committed 51072K, reserved 1114112K
  class space    used 6177K, committed 6592K, reserved 1048576K
}
Event: 1294.299 GC heap after
{Heap after GC invocations=37 (full 6):
 garbage-first heap   total 163840K, used 22892K [0x0000000400000000, 0x0000000640000000)
  region size 8192K, 1 young (8192K), 1 survivors (8192K)
 Metaspace       used 50092K, committed 51072K, reserved 1114112K
  class space    used 6177K, committed 6592K, reserved 1048576K
}
Event: 1294.443 GC heap before
{Heap before GC invocations=37 (full 6):
 garbage-first heap   total 163840K, used 113004K [0x0000000400000000, 0x0000000640000000)
  region size 8192K, 12 young (98304K), 1 survivors (8192K)
 Metaspace       used 50092K, committed 51072K, reserved 1114112K
  class space    used 6177K, committed 6592K, reserved 1048576K
}
Event: 1294.445 GC heap after
{Heap after GC invocations=38 (full 6):
 garbage-first heap   total 163840K, used 25738K [0x0000000400000000, 0x0000000640000000)
  region size 8192K, 1 young (8192K), 1 survivors (8192K)
 Metaspace       used 50092K, committed 51072K, reserved 1114112K
  class space    used 6177K, committed 6592K, reserved 1048576K
}
Event: 1314.082 GC heap before
{Heap before GC invocations=38 (full 6):
 garbage-first heap   total 163840K, used 33930K [0x0000000400000000, 0x0000000640000000)
  region size 8192K, 3 young (24576K), 1 survivors (8192K)
 Metaspace       used 50095K, committed 51072K, reserved 1114112K
  class space    used 6177K, committed 6592K, reserved 1048576K
}
Event: 1314.110 GC heap after
{Heap after GC invocations=39 (full 7):
 garbage-first heap   total 81920K, used 17961K [0x0000000400000000, 0x0000000640000000)
  region size 8192K, 0 young (0K), 0 survivors (0K)
 Metaspace       used 50089K, committed 51072K, reserved 1114112K
  class space    used 6176K, committed 6592K, reserved 1048576K
}
Event: 1314.222 GC heap before
{Heap before GC invocations=39 (full 7):
 garbage-first heap   total 81920K, used 67113K [0x0000000400000000, 0x0000000640000000)
  region size 8192K, 6 young (49152K), 0 survivors (0K)
 Metaspace       used 50114K, committed 51072K, reserved 1114112K
  class space    used 6181K, committed 6592K, reserved 1048576K
}
Event: 1314.223 GC heap after
{Heap after GC invocations=40 (full 7):
 garbage-first heap   total 81920K, used 21724K [0x0000000400000000, 0x0000000640000000)
  region size 8192K, 1 young (8192K), 1 survivors (8192K)
 Metaspace       used 50114K, committed 51072K, reserved 1114112K
  class space    used 6181K, committed 6592K, reserved 1048576K
}
Event: 1314.301 GC heap before
{Heap before GC invocations=40 (full 7):
 garbage-first heap   total 81920K, used 62684K [0x0000000400000000, 0x0000000640000000)
  region size 8192K, 6 young (49152K), 1 survivors (8192K)
 Metaspace       used 50139K, committed 51072K, reserved 1114112K
  class space    used 6183K, committed 6592K, reserved 1048576K
}
Event: 1314.302 GC heap after
{Heap after GC invocations=41 (full 7):
 garbage-first heap   total 81920K, used 22871K [0x0000000400000000, 0x0000000640000000)
  region size 8192K, 1 young (8192K), 1 survivors (8192K)
 Metaspace       used 50139K, committed 51072K, reserved 1114112K
  class space    used 6183K, committed 6592K, reserved 1048576K
}
Event: 1314.370 GC heap before
{Heap before GC invocations=41 (full 7):
 garbage-first heap   total 81920K, used 63831K [0x0000000400000000, 0x0000000640000000)
  region size 8192K, 6 young (49152K), 1 survivors (8192K)
 Metaspace       used 50139K, committed 51072K, reserved 1114112K
  class space    used 6183K, committed 6592K, reserved 1048576K
}
Event: 1314.371 GC heap after
{Heap after GC invocations=42 (full 7):
 garbage-first heap   total 90112K, used 24143K [0x0000000400000000, 0x0000000640000000)
  region size 8192K, 1 young (8192K), 1 survivors (8192K)
 Metaspace       used 50139K, committed 51072K, reserved 1114112K
  class space    used 6183K, committed 6592K, reserved 1048576K
}
Event: 1314.424 GC heap before
{Heap before GC invocations=42 (full 7):
 garbage-first heap   total 90112K, used 56911K [0x0000000400000000, 0x0000000640000000)
  region size 8192K, 5 young (40960K), 1 survivors (8192K)
 Metaspace       used 50139K, committed 51072K, reserved 1114112K
  class space    used 6183K, committed 6592K, reserved 1048576K
}
Event: 1314.426 GC heap after
{Heap after GC invocations=43 (full 7):
 garbage-first heap   total 90112K, used 24802K [0x0000000400000000, 0x0000000640000000)
  region size 8192K, 1 young (8192K), 1 survivors (8192K)
 Metaspace       used 50139K, committed 51072K, reserved 1114112K
  class space    used 6183K, committed 6592K, reserved 1048576K
}
Event: 1314.475 GC heap before
{Heap before GC invocations=43 (full 7):
 garbage-first heap   total 90112K, used 57570K [0x0000000400000000, 0x0000000640000000)
  region size 8192K, 5 young (40960K), 1 survivors (8192K)
 Metaspace       used 50139K, committed 51072K, reserved 1114112K
  class space    used 6183K, committed 6592K, reserved 1048576K
}
Event: 1314.476 GC heap after
{Heap after GC invocations=44 (full 7):
 garbage-first heap   total 90112K, used 23035K [0x0000000400000000, 0x0000000640000000)
  region size 8192K, 1 young (8192K), 1 survivors (8192K)
 Metaspace       used 50139K, committed 51072K, reserved 1114112K
  class space    used 6183K, committed 6592K, reserved 1048576K
}
Event: 2154.455 GC heap before
{Heap before GC invocations=44 (full 7):
 garbage-first heap   total 90112K, used 39419K [0x0000000400000000, 0x0000000640000000)
  region size 8192K, 4 young (32768K), 1 survivors (8192K)
 Metaspace       used 50217K, committed 51072K, reserved 1114112K
  class space    used 6201K, committed 6592K, reserved 1048576K
}

